Zeile 9: Klasse MSForms.Label des Steuerelements lbl_Header war keine geladene Steuerelementklasse.
Zeile 24: Klasse MSForms.Label des Steuerelements lbl_key1 war keine geladene Steuerelementklasse.
Zeile 36: Klasse MSForms.Label des Steuerelements lbl_Artikel war keine geladene Steuerelementklasse.
Zeile 43: Klasse MSForms.Label des Steuerelements lbl_key2 war keine geladene Steuerelementklasse.
Zeile 55: Klasse MSForms.Label des Steuerelements lbl_ArtNr war keine geladene Steuerelementklasse.
Zeile 62: Klasse MSForms.Label des Steuerelements lbl_key3 war keine geladene Steuerelementklasse.
Zeile 74: Klasse MSForms.Label des Steuerelements lbl_EAN war keine geladene Steuerelementklasse.
Zeile 81: Klasse MSForms.Label des Steuerelements lbl_key4 war keine geladene Steuerelementklasse.
Zeile 93: Klasse MSForms.Label des Steuerelements lbl_VK war keine geladene Steuerelementklasse.
Zeile 100: Klasse MSForms.Label des Steuerelements lbl_key5 war keine geladene Steuerelementklasse.
Zeile 112: Klasse MSForms.Label des Steuerelements lbl_EK war keine geladene Steuerelementklasse.
Zeile 119: Klasse MSForms.Label des Steuerelements lbl_key6 war keine geladene Steuerelementklasse.
Zeile 131: Klasse MSForms.Label des Steuerelements lbl_Lager war keine geladene Steuerelementklasse.
Zeile 138: Klasse MSForms.Label des Steuerelements lbl_key7 war keine geladene Steuerelementklasse.
Zeile 150: Klasse MSForms.Label des Steuerelements lbl_WG war keine geladene Steuerelementklasse.
Zeile 157: Klasse MSForms.Label des Steuerelements lbl_sep war keine geladene Steuerelementklasse.
Zeile 165: Klasse MSForms.Label des Steuerelements lbl_keySoll war keine geladene Steuerelementklasse.
Zeile 177: Klasse MSForms.Label des Steuerelements lbl_Soll war keine geladene Steuerelementklasse.
Zeile 190: Klasse MSForms.Label des Steuerelements lbl_arrow war keine geladene Steuerelementklasse.
Zeile 203: Klasse MSForms.Label des Steuerelements lbl_keyIst war keine geladene Steuerelementklasse.
Zeile 216: Klasse MSForms.TextBox des Steuerelements txt_Ist war keine geladene Steuerelementklasse.
Zeile 227: Klasse MSForms.Label des Steuerelements lbl_Diff war keine geladene Steuerelementklasse.
Zeile 240: Klasse MSForms.CommandButton des Steuerelements btn_Abbrechen war keine geladene Steuerelementklasse.
Zeile 254: Klasse MSForms.CommandButton des Steuerelements btn_OK war keine geladene Steuerelementklasse.
